<?xml version="1.0" encoding="UTF-8" ?>
<testsuite errors="0" failures="0" hostname="Ephin-Huge.local" name="com.flatironschool.javacs.MyLinkedListTest" skipped="0" tests="20" time="0.344" timestamp="2016-03-16T19:17:01">
  <properties>
[...]
</properties>
  <testcase classname="com.flatironschool.javacs.MyLinkedListTest" name="testToArray" time="0.031" />
  <testcase classname="com.flatironschool.javacs.MyLinkedListTest" name="testAddIntT" time="0.0" />
  <testcase classname="com.flatironschool.javacs.MyLinkedListTest" name="testGet" time="0.0" />
  <testcase classname="com.flatironschool.javacs.MyLinkedListTest" name="testSet" time="0.0" />
  <testcase classname="com.flatironschool.javacs.MyLinkedListTest" name="testAddAllCollectionOfQextendsT" time="0.001" />
  <testcase classname="com.flatironschool.javacs.MyLinkedListTest" name="testClear" time="0.0" />
  <testcase classname="com.flatironschool.javacs.MyLinkedListTest" name="testAddT" time="0.0" />
  <testcase classname="com.flatironschool.javacs.MyLinkedListTest" name="testSize" time="0.0" />
  <testcase classname="com.flatironschool.javacs.MyLinkedListTest" name="testLastIndexOf" time="0.0" />
  <testcase classname="com.flatironschool.javacs.MyLinkedListTest" name="testMyArrayList" time="0.001" />
  <testcase classname="com.flatironschool.javacs.MyLinkedListTest" name="testContainsAll" time="0.0" />
  <testcase classname="com.flatironschool.javacs.MyLinkedListTest" name="testRemoveObject" time="0.0" />
  <testcase classname="com.flatironschool.javacs.MyLinkedListTest" name="testContains" time="0.001" />
  <testcase classname="com.flatironschool.javacs.MyLinkedListTest" name="testIndexOfNull" time="0.0" />
  <testcase classname="com.flatironschool.javacs.MyLinkedListTest" name="testIndexOf" time="0.0" />
  <testcase classname="com.flatironschool.javacs.MyLinkedListTest" name="testIsEmpty" time="0.006" />
  <testcase classname="com.flatironschool.javacs.MyLinkedListTest" name="testIterator" time="0.001" />
  <testcase classname="com.flatironschool.javacs.MyLinkedListTest" name="testRemoveAll" time="0.0" />
  <testcase classname="com.flatironschool.javacs.MyLinkedListTest" name="testRemoveInt" time="0.003" />
  <testcase classname="com.flatironschool.javacs.MyLinkedListTest" name="testSubList" time="0.001" />
  <system-out><![CDATA[]]></system-out>
  <system-err><![CDATA[]]></system-err>
</testsuite>
